Determining if the pthread_create exist failed with the following output:
Change Dir: /media/jackis/_dde_data/Qt_projects/FTP-server-client/ftp/build/release-cpp11/CMakeFiles/CMakeTmp

Run Build Command:"/usr/bin/make" "cmTC_db696/fast"
/usr/bin/make -f CMakeFiles/cmTC_db696.dir/build.make CMakeFiles/cmTC_db696.dir/build
make[1]: Entering directory '/media/jackis/_dde_data/Qt_projects/FTP-server-client/ftp/build/release-cpp11/CMakeFiles/CMakeTmp'
Building C object CMakeFiles/cmTC_db696.dir/CheckSymbolExists.c.o
/usr/bin/cc    -o CMakeFiles/cmTC_db696.dir/CheckSymbolExists.c.o   -c /media/jackis/_dde_data/Qt_projects/FTP-server-client/ftp/build/release-cpp11/CMakeFiles/CMakeTmp/CheckSymbolExists.c
Linking C executable cmTC_db696
/usr/bin/cmake -E cmake_link_script CMakeFiles/cmTC_db696.dir/link.txt --verbose=1
/usr/bin/cc      -rdynamic CMakeFiles/cmTC_db696.dir/CheckSymbolExists.c.o  -o cmTC_db696 
CMakeFiles/cmTC_db696.dir/CheckSymbolExists.c.o：在函数‘main’中：
CheckSymbolExists.c:(.text+0x1b)：对‘pthread_create’未定义的引用
collect2: error: ld returned 1 exit status
CMakeFiles/cmTC_db696.dir/build.make:97: recipe for target 'cmTC_db696' failed
make[1]: *** [cmTC_db696] Error 1
make[1]: Leaving directory '/media/jackis/_dde_data/Qt_projects/FTP-server-client/ftp/build/release-cpp11/CMakeFiles/CMakeTmp'
Makefile:126: recipe for target 'cmTC_db696/fast' failed
make: *** [cmTC_db696/fast] Error 2

File /media/jackis/_dde_data/Qt_projects/FTP-server-client/ftp/build/release-cpp11/CMakeFiles/CMakeTmp/CheckSymbolExists.c:
/* */
#include <pthread.h>

int main(int argc, char** argv)
{
  (void)argv;
#ifndef pthread_create
  return ((int*)(&pthread_create))[argc];
#else
  (void)argc;
  return 0;
#endif
}

Determining if the function pthread_create exists in the pthreads failed with the following output:
Change Dir: /media/jackis/_dde_data/Qt_projects/FTP-server-client/ftp/build/release-cpp11/CMakeFiles/CMakeTmp

Run Build Command:"/usr/bin/make" "cmTC_fc045/fast"
/usr/bin/make -f CMakeFiles/cmTC_fc045.dir/build.make CMakeFiles/cmTC_fc045.dir/build
make[1]: Entering directory '/media/jackis/_dde_data/Qt_projects/FTP-server-client/ftp/build/release-cpp11/CMakeFiles/CMakeTmp'
Building C object CMakeFiles/cmTC_fc045.dir/CheckFunctionExists.c.o
/usr/bin/cc   -DCHECK_FUNCTION_EXISTS=pthread_create   -o CMakeFiles/cmTC_fc045.dir/CheckFunctionExists.c.o   -c /usr/share/cmake-3.9/Modules/CheckFunctionExists.c
Linking C executable cmTC_fc045
/usr/bin/cmake -E cmake_link_script CMakeFiles/cmTC_fc045.dir/link.txt --verbose=1
/usr/bin/cc  -DCHECK_FUNCTION_EXISTS=pthread_create    -rdynamic CMakeFiles/cmTC_fc045.dir/CheckFunctionExists.c.o  -o cmTC_fc045 -lpthreads 
/usr/bin/ld: 找不到 -lpthreads
collect2: error: ld returned 1 exit status
CMakeFiles/cmTC_fc045.dir/build.make:97: recipe for target 'cmTC_fc045' failed
make[1]: *** [cmTC_fc045] Error 1
make[1]: Leaving directory '/media/jackis/_dde_data/Qt_projects/FTP-server-client/ftp/build/release-cpp11/CMakeFiles/CMakeTmp'
Makefile:126: recipe for target 'cmTC_fc045/fast' failed
make: *** [cmTC_fc045/fast] Error 2


